[2019-06-25 22:10:02.325827] INFO: jiekou: 当前模块 requests封装
[2019-06-25 22:10:02.343875] INFO: jiekou: 全部args参数参数信息 , ()
[2019-06-25 22:10:02.355907] INFO: jiekou: 全部kwargs参数信息 , {}
[2019-06-25 22:10:02.405038] INFO: jiekou: 当前模块 解析测试用例文件
[2019-06-25 22:10:02.449155] INFO: jiekou: 全部args参数参数信息 , ('D:\\jiekou-python3-master\\test_case_data\\case.xlsx',)
[2019-06-25 22:10:02.482243] INFO: jiekou: 全部kwargs参数信息 , {}
[2019-06-25 22:10:02.556440] INFO: jiekou: 当前模块 解析测试用例文件
[2019-06-25 22:10:02.559448] INFO: jiekou: 全部args参数参数信息 , ('D:\\jiekou-python3-master\\test_case_data\\case.xlsx',)
[2019-06-25 22:10:02.563459] INFO: jiekou: 全部kwargs参数信息 , {}
[2019-06-25 22:10:02.587522] INFO: jiekou: 当前模块 测试
[2019-06-25 22:10:02.589530] INFO: jiekou: 全部args参数参数信息 , ()
[2019-06-25 22:10:02.596547] INFO: jiekou: 全部kwargs参数信息 , {}
[2019-06-25 22:10:02.784046] INFO: jiekou: inputdata> 参数:{'password':'1222'}, url:/openapi/api ,返回:{'code': 0, 'result': {'code': 40007, 'text': '您的请求内容为空。'}},预期:code=40001
[2019-06-25 22:10:02.786051] INFO: jiekou: 当前模块 断言测试结果
[2019-06-25 22:10:02.787053] INFO: jiekou: 全部args参数参数信息 , ()
[2019-06-25 22:10:02.787053] INFO: jiekou: 全部kwargs参数信息 , {'asserqiwang': 'code=40001', 'fanhuijson': {'code': 0, 'result': {'code': 40007, 'text': '您的请求内容为空。'}}}
[2019-06-25 22:10:02.788056] INFO: jiekou: 失败重试中
[2019-06-25 22:10:02.885315] INFO: jiekou: inputdata> 参数:{'password':'1222'}, url:/openapi/api ,返回:{'code': 0, 'result': {'code': 40007, 'text': '您的请求内容为空。'}},预期:code=40001
[2019-06-25 22:10:02.886317] INFO: jiekou: 当前模块 断言测试结果
[2019-06-25 22:10:02.886317] INFO: jiekou: 全部args参数参数信息 , ()
[2019-06-25 22:10:02.887320] INFO: jiekou: 全部kwargs参数信息 , {'asserqiwang': 'code=40001', 'fanhuijson': {'code': 0, 'result': {'code': 40007, 'text': '您的请求内容为空。'}}}
[2019-06-25 22:10:02.887320] INFO: jiekou: 失败重试中
[2019-06-25 22:10:02.984579] INFO: jiekou: inputdata> 参数:{'password':'1222'}, url:/openapi/api ,返回:{'code': 0, 'result': {'code': 40007, 'text': '您的请求内容为空。'}},预期:code=40001
[2019-06-25 22:10:02.986585] INFO: jiekou: 当前模块 断言测试结果
[2019-06-25 22:10:02.987589] INFO: jiekou: 全部args参数参数信息 , ()
[2019-06-25 22:10:02.987589] INFO: jiekou: 全部kwargs参数信息 , {'asserqiwang': 'code=40001', 'fanhuijson': {'code': 0, 'result': {'code': 40007, 'text': '您的请求内容为空。'}}}
[2019-06-25 22:10:02.988590] INFO: jiekou: 失败重试中
[2019-06-25 22:10:03.085848] INFO: jiekou: inputdata> 参数:{'password':'1222'}, url:/openapi/api ,返回:{'code': 0, 'result': {'code': 40007, 'text': '您的请求内容为空。'}},预期:code=40001
[2019-06-25 22:10:03.086851] INFO: jiekou: 当前模块 断言测试结果
[2019-06-25 22:10:03.086851] INFO: jiekou: 全部args参数参数信息 , ()
[2019-06-25 22:10:03.086851] INFO: jiekou: 全部kwargs参数信息 , {'asserqiwang': 'code=40001', 'fanhuijson': {'code': 0, 'result': {'code': 40007, 'text': '您的请求内容为空。'}}}
[2019-06-25 22:10:03.087854] INFO: jiekou: 失败重试中
[2019-06-25 22:10:03.192131] INFO: jiekou: inputdata> 参数:{'password':'1222'}, url:/openapi/api ,返回:{'code': 0, 'result': {'code': 40007, 'text': '您的请求内容为空。'}},预期:code=40001
[2019-06-25 22:10:03.193133] INFO: jiekou: 当前模块 断言测试结果
[2019-06-25 22:10:03.194136] INFO: jiekou: 全部args参数参数信息 , ()
[2019-06-25 22:10:03.194136] INFO: jiekou: 全部kwargs参数信息 , {'asserqiwang': 'code=40001', 'fanhuijson': {'code': 0, 'result': {'code': 40007, 'text': '您的请求内容为空。'}}}
[2019-06-25 22:10:03.194136] INFO: jiekou: 失败重试中次数用完，最后结果
[2019-06-25 22:10:03.292398] INFO: jiekou: inputdata> 参数:{'password':'1222'}, url:/openapi/api ,返回:{'code': 0, 'result': {'code': 40007, 'text': '您的请求内容为空。'}},预期:code=40002
[2019-06-25 22:10:03.293400] INFO: jiekou: 当前模块 断言测试结果
[2019-06-25 22:10:03.294403] INFO: jiekou: 全部args参数参数信息 , ()
[2019-06-25 22:10:03.294403] INFO: jiekou: 全部kwargs参数信息 , {'asserqiwang': 'code=40002', 'fanhuijson': {'code': 0, 'result': {'code': 40007, 'text': '您的请求内容为空。'}}}
[2019-06-25 22:10:03.295406] INFO: jiekou: 失败重试中
[2019-06-25 22:10:03.392669] INFO: jiekou: inputdata> 参数:{'password':'1222'}, url:/openapi/api ,返回:{'code': 0, 'result': {'code': 40007, 'text': '您的请求内容为空。'}},预期:code=40002
[2019-06-25 22:10:03.393667] INFO: jiekou: 当前模块 断言测试结果
[2019-06-25 22:10:03.394670] INFO: jiekou: 全部args参数参数信息 , ()
[2019-06-25 22:10:03.394670] INFO: jiekou: 全部kwargs参数信息 , {'asserqiwang': 'code=40002', 'fanhuijson': {'code': 0, 'result': {'code': 40007, 'text': '您的请求内容为空。'}}}
[2019-06-25 22:10:03.395673] INFO: jiekou: 失败重试中
[2019-06-25 22:10:03.494938] INFO: jiekou: inputdata> 参数:{'password':'1222'}, url:/openapi/api ,返回:{'code': 0, 'result': {'code': 40007, 'text': '您的请求内容为空。'}},预期:code=40002
[2019-06-25 22:10:03.495940] INFO: jiekou: 当前模块 断言测试结果
[2019-06-25 22:10:03.496945] INFO: jiekou: 全部args参数参数信息 , ()
[2019-06-25 22:10:03.496945] INFO: jiekou: 全部kwargs参数信息 , {'asserqiwang': 'code=40002', 'fanhuijson': {'code': 0, 'result': {'code': 40007, 'text': '您的请求内容为空。'}}}
[2019-06-25 22:10:03.497946] INFO: jiekou: 失败重试中
[2019-06-25 22:10:03.667396] INFO: jiekou: inputdata> 参数:{'password':'1222'}, url:/openapi/api ,返回:{'code': 0, 'result': {'code': 40007, 'text': '您的请求内容为空。'}},预期:code=40002
[2019-06-25 22:10:03.668398] INFO: jiekou: 当前模块 断言测试结果
[2019-06-25 22:10:03.668398] INFO: jiekou: 全部args参数参数信息 , ()
[2019-06-25 22:10:03.669401] INFO: jiekou: 全部kwargs参数信息 , {'asserqiwang': 'code=40002', 'fanhuijson': {'code': 0, 'result': {'code': 40007, 'text': '您的请求内容为空。'}}}
[2019-06-25 22:10:03.669401] INFO: jiekou: 失败重试中
[2019-06-25 22:10:03.954159] INFO: jiekou: inputdata> 参数:{'password':'1222'}, url:/openapi/api ,返回:{'code': 0, 'result': {'code': 40007, 'text': '您的请求内容为空。'}},预期:code=40002
[2019-06-25 22:10:03.956164] INFO: jiekou: 当前模块 断言测试结果
[2019-06-25 22:10:03.956164] INFO: jiekou: 全部args参数参数信息 , ()
[2019-06-25 22:10:03.957166] INFO: jiekou: 全部kwargs参数信息 , {'asserqiwang': 'code=40002', 'fanhuijson': {'code': 0, 'result': {'code': 40007, 'text': '您的请求内容为空。'}}}
[2019-06-25 22:10:03.957166] INFO: jiekou: 失败重试中次数用完，最后结果
